// 重构日志: 0fc4d83b
// 重构日志: 49b705db
// 重构日志: f25dd803
// 重构日志: 8186c1bb
// 重构日志: e8ec2ce5
// 重构日志: 8a3b69a2
// 重构日志: 4572a507
// 同步 ID: 466816e0 @ Sun Jun 28 12:37:05 UTC 2026
// 重构日志: 4169eb1f
// 重构日志: 8b92d35d
// 同步 ID: b73d691e @ Mon Jun 29 21:28:12 UTC 2026
// 同步 ID: 5d439a78 @ Tue Jun 30 00:53:38 UTC 2026
// 同步 ID: 9b1afda4 @ Wed Jul  1 00:49:38 UTC 2026
// 重构日志: 79c8e4b1
// 重构日志: 7952cc8e
// 重构日志: f50ea321
// 重构日志: 1fdb81f4
// 同步 ID: 32575be5 @ Fri Jul  3 15:01:53 UTC 2026
// 同步 ID: b78da1d0 @ Sat Jul  4 01:07:19 UTC 2026
// 重构日志: 694aa89c
// 重构日志: b4a5914e
// 重构日志: b3a86ffa
// 重构日志: 0526de56
// 重构日志: 0a2831f2
// 重构日志: 86e8999d
// 同步 ID: 0c2d1d94 @ Sat Jul 11 17:45:05 UTC 2026
// 重构日志: 36857e87
// 重构日志: d2d9bb27
// 同步 ID: 1a7458e7 @ Mon Jul 13 11:42:55 UTC 2026
// 同步 ID: a4e752e2 @ Tue Jul 14 07:07:20 UTC 2026
// 重构日志: eaa9fb49
// 重构日志: 62c78083
// 重构日志: 2a150a18
